<?xml version="1.0" encoding="UTF-8"?>
<testsuite name="WalletTest" tests="1" skipped="0" failures="0" errors="0" timestamp="2022-02-26T14:40:46" hostname="Pritams-MacBook-Pro.local" time="0.017">
  <properties/>
  <testcase name="ShouldThrowExceptionWhenTheWithdrawalAmountIsMoreThanTheAvailableAmount()" classname="WalletTest" time="0.017"/>
  <system-out><![CDATA[]]></system-out>
  <system-err><![CDATA[]]></system-err>
</testsuite>
